<?xml version="1.0" encoding="UTF-8"?>
<testsuite xmlns:xsi="http://www.w3.org/2001/XMLSchema-instance" xsi:noNamespaceSchemaLocation="https://maven.apache.org/surefire/maven-surefire-plugin/xsd/surefire-test-report.xsd" name="com.mkyong.password.TestPasswordService" time="0.18" tests="2" errors="0" skipped="0" failures="0">
  <properties>
[...]
</properties>
  <testcase name="testMd5hex{String, String}[1]" classname="com.mkyong.password.TestPasswordService" time="0.061"/>
  <testcase name="testMd5hex{String, String}[2]" classname="com.mkyong.password.TestPasswordService" time="0.003"/>
</testsuite>